!      ---- Modo de Desenho da Barra ---
BU
!      ---- Tamanho da Fonte das Legendas ---
F 1
!      ---- Cores (Fundo - Identificador - Numero - Valor - Grid - Fluxo Ativo - Fluxo Reativo)---
RF 255 255 255
RI 128 0 128
RN 128 0 128
RV 0 0 255
RG 0 0 0
RA 0 0 255
RR 255 0 0
!      ---- Grupos Base de Tensão ----
!Ten  lar  R   G   B ID
!    ---- Componentes ----
!Numero Tipo Rot Hac Px Py Cor sl SubTp ch1 ch2 ch3 ch4 Descrip
C 28  1 770 0   -160   -136  0  0 -  1  0  0  0 0
C 29  1 1282 0    112    240  0  0 -  2  0  0  0 0
C 31  1 1026 0    304    -16  0  0 -  5  0  0  0 0
C 32  1 1282 0    320   -240  0  0 -  6  0  0  0 0
C 33  1 770 0     48   -560  0  0 - 12  0  0  0 0
C 34  1 1026 0    304   -736  0  0 - 13  0  0  0 0
C 35  1 770 0    752   -624  0  0 - 14  0  0  0 0
C 36  1 770 0    448   -528  0  0 - 11  0  0  0 0
C 38  1 770 0    624   -448  0  0 - 10  0  0  0 0
C 39  1 1794 0    816   -304  0  0 -  9  0  0  0 0
C 41  1 1026 0    864   -176  0  0 -  7  0  0  0 0
C 42  1 1282 0    752    -16  0  0 -  4  0  0  0 0
C 43  1 1026 0    768    448  0  0 -  3  0  0  0 0
C 81  1 257 0    960   -256  0  0 -  8  0  0  0 0
C 61  9 2 0    704    -80  0  0 -  1  4  7  0 0
C 62  9 2 0    624   -128  0  0 -  1  4  9  0 0
C 63  9 2 0    240   -128  0  0 -  1  5  6  0 0
C 64  4 2 0   -208   -200  0  0 -  1  1  0  0 87
C 65  4 0 1    -32    320  0  0 -  1  2  0  0 87
C 66  4 0 0    688    512  0  0 -  1  3  0  0 87
C 69  6 3 0    848   -384  0  0 -  1  9  0  0 87
C 72  5 3 0    800    -48  0  0 -  1  4  0  0 87
C 74  5 3 0    384   -256  0  0 -  1  6  0  0 87
C 79  5 2 0    240   -800  0  0 -  1 13  0  0 87
C 83  4 3 -1   1040   -240  0  0 -  1  8  0  0 87
C 85  5 2 0    720   -672  0  0 -  1 14  0  0 87
C 86  5 2 0     16   -608  0  0 -  1 12  0  0 87
C 87  5 1 0    144    -80  0  0 -  1  5  0  0 87
C 67  4 1 1     48   -192  0  0 -  1  6  0  0 87
C 90  5 1 0   -112    288  0  0 -  1  2  0  0 87
C 92  5 0 0    752    496  0  0 -  1  3  0  0 87
C 93  5 3 0    848   -336  0  0 -  1  9  0  0 87
C 94  5 2 0    592   -496  0  0 -  1 10  0  0 87
C 95  5 2 0    416   -576  0  0 -  1 11  0  0 87
!      ---- Linhas ----
!Numero Tipo hac sl De Para ch1 nsg segmentos
L44 14 0 0  28  29  1  1 25 
L45 14 0 0  28  31  1  1 26 
L46 14 0 0  29  43  1  1 27 
L47 14 0 0  29  42  1  1 28 
L48 14 0 0  29  31  1  1 29 
L49 14 0 0  43  42  1  1 30 
L50 14 0 0  42  31  1  1 31 
L51 14 0 0  32  36  1  1 32 
L52 14 0 0  32  33  1  1 33 
L53 14 0 0  32  34  1  1 34 
L55 14 0 0  41  39  1  1 36 
L56 14 0 0  39  38  1  1 37 
L57 14 0 0  39  35  1  1 38 
L58 14 0 0  38  36  1  1 39 
L59 14 0 0  33  34  1  1 40 
L60 14 0 0  34  35  1  1 41 
L82 14 0 0  41  81  1  1 65 
!     ---- Ligacoes ----
!Numero Flags cor Inic Coni Fin Conf Linhas nqb quebras
U30 0  0  43   3  42   2  49   0 
U34 0  0  32   6  34   5  53   0 
U36 0  0  41   6  39   3  55   0 
U37 0  0  39  14  38   2  56   0 
U38 0  0  39   7  35   3  57   0 
U43 0  0  61   1  42   4  -1   0 
U42 0  0  61   2  41  11  -1   0 
U45 0  0  62   1  42   9  -1   0 
U44 0  0  62   2  39  13  -1   0 
U47 0  0  63   1  31   5  -1   0 
U46 0  0  63   2  32   6  -1   0 
U48 0  0  64   1  28   4  -1   0 
U49 0  0  65   1  29  10  -1   0 
U50 0  0  66   1  43   6  -1   0 
U63 0  0  79   1  34   5  -1   0 
U25 0  0  28   6  29   9  44   2    -240    -64    -16    144
U27 0  0  29   4  43   6  46   2      64    288    688    384
U28 0  0  29   4  42   4  47   2      64    192    704     64
U31 0  0  42   9  31   2  50   2     624     64    288    128
U56 0  0  72   1  42   2  -1   1     736    -48
U53 0  0  69   1  39   4  -1   1     768   -384
U26 0  0  28   2  31   7  45   3    -176    -64    160     32    208     32
U29 0  0  29   7  31   5  48   2      16    192    240    144
U58 0  0  74   1  32   2  -1   1     304   -256
U32 0  0  32   3  36   6  51   2     288   -288    368   -352
U41 0  0  34   2  35   6  60   2     288   -672    672   -512
U33 0  0  32   9  33   5  52   2     192   -288    -16   -480
U40 0  0  33   2  34   8  59   3      32   -512    112   -512    192   -672
U66 0  0  83   1  81   2  -1   0 
U65 0  0  41   3  81   2  82   1     832   -240
U67 0  0  85   1  35   3  -1   0 
U68 0  0  86   1  33   3  -1   0 
U39 0  0  38   6  36   2  58   3     544   -368    432   -368    432   -448
U69 0  0  87   1  31   7  -1   1     208    -80
U51 0  0  67   1  32  12  -1   1     144   -192
U70 0  0  90   1  29  12  -1   1     -64    288
U72 0  0  92   1  43   2  -1   0 
U73 0  0  93   1  39   2  -1   1     800   -336
U74 0  0  94   1  38   3  -1   0 
U75 0  0  95   1  36   3  -1   0 
!    ---- Posição de Legenda de Componentes ----
!NumCompo Label Rot Px Py
X  32  2  2    -5.26    14.06
X  32  3  2   -14.00    27.65
X  35  2  2     0.00    18.00
X  38  2  2    -9.13    17.59
X  38  3  2   -14.00    27.65
X  41  2  2   -22.05    15.20
X  41  3  2   -30.00    27.65
X  62  0  2   -49.63     2.33
X  66  1  0    -3.00   -18.00
X  69  1  3    31.00   -13.68
X  72  1  3    -3.27    -7.60
X  74  1  3    -7.38    -5.96
!     ---- Posição de Legenda de Ligacoes ----
!Lado NumLig Label Px Py
YF  30  1    11.68    -5.88
YF  30  2     9.85    12.39
YF  42  1   -14.02    -7.35
YF  42  2   -12.65    12.15
YF  25  1    36.65    -6.60
YF  25  2    41.47    11.67
YF  28  1   -25.44    -7.68
YF  28  2   -26.10    11.50
YI  31  1    -9.91    -7.16
YI  31  2    -7.50    12.03
YF  26  1     0.00    -6.00
YF  29  1   -45.54    -6.82
YF  29  2   -44.04    13.27
